Loading .env environment variables...
Courtesy Notice:
Pipenv found itself running within a virtual environment,  so it will automatically use that environment, instead of  creating its own for any project. You can set
PIPENV_IGNORE_VIRTUALENVS=1 to force pipenv to ignore that environment and create  its own instead.
You can set PIPENV_VERBOSITY=-1 to suppress this warning.
Watching for file changes with StatReloader
Watching for file changes with StatReloader
System check identified some issues:

WARNINGS:
accounts.AccountPermissions: (models.W042) Auto-created primary key used when not defining a primary key type, by default 'django.db.models.AutoField'.
	HINT: Configure the DEFAULT_AUTO_FIELD setting or the MembersConfig.default_auto_field attribute to point to a subclass of AutoField, e.g. 'django.db.models.BigAutoField'.
accounts.MembershipSubscription: (models.W042) Auto-created primary key used when not defining a primary key type, by default 'django.db.models.AutoField'.
	HINT: Configure the DEFAULT_AUTO_FIELD setting or the MembersConfig.default_auto_field attribute to point to a subclass of AutoField, e.g. 'django.db.models.BigAutoField'.
accounts.PendingMembershipSubscriptionPurchase: (models.W042) Auto-created primary key used when not defining a primary key type, by default 'django.db.models.AutoField'.
	HINT: Configure the DEFAULT_AUTO_FIELD setting or the MembersConfig.default_auto_field attribute to point to a subclass of AutoField, e.g. 'django.db.models.BigAutoField'.
accounts.User: (models.W042) Auto-created primary key used when not defining a primary key type, by default 'django.db.models.AutoField'.
	HINT: Configure the DEFAULT_AUTO_FIELD setting or the MembersConfig.default_auto_field attribute to point to a subclass of AutoField, e.g. 'django.db.models.BigAutoField'.
conclave_registration.AdditionalRegistrationInfo: (models.W042) Auto-created primary key used when not defining a primary key type, by default 'django.db.models.AutoField'.
	HINT: Configure the DEFAULT_AUTO_FIELD setting or the ConclaveRegistrationConfig.default_auto_field attribute to point to a subclass of AutoField, e.g. 'django.db.models.BigAutoField'.
conclave_registration.AdvancedProjectsInfo: (models.W042) Auto-created primary key used when not defining a primary key type, by default 'django.db.models.AutoField'.
	HINT: Configure the DEFAULT_AUTO_FIELD setting or the ConclaveRegistrationConfig.default_auto_field attribute to point to a subclass of AutoField, e.g. 'django.db.models.BigAutoField'.
conclave_registration.BeginnerInstrumentInfo: (models.W042) Auto-created primary key used when not defining a primary key type, by default 'django.db.models.AutoField'.
	HINT: Configure the DEFAULT_AUTO_FIELD setting or the ConclaveRegistrationConfig.default_auto_field attribute to point to a subclass of AutoField, e.g. 'django.db.models.BigAutoField'.
conclave_registration.Class: (models.W042) Auto-created primary key used when not defining a primary key type, by default 'django.db.models.AutoField'.
	HINT: Configure the DEFAULT_AUTO_FIELD setting or the ConclaveRegistrationConfig.default_auto_field attribute to point to a subclass of AutoField, e.g. 'django.db.models.BigAutoField'.
conclave_registration.ConclavePermissions: (models.W042) Auto-created primary key used when not defining a primary key type, by default 'django.db.models.AutoField'.
	HINT: Configure the DEFAULT_AUTO_FIELD setting or the ConclaveRegistrationConfig.default_auto_field attribute to point to a subclass of AutoField, e.g. 'django.db.models.BigAutoField'.
conclave_registration.ConclaveRegistrationConfig: (models.W042) Auto-created primary key used when not defining a primary key type, by default 'django.db.models.AutoField'.
	HINT: Configure the DEFAULT_AUTO_FIELD setting or the ConclaveRegistrationConfig.default_auto_field attribute to point to a subclass of AutoField, e.g. 'django.db.models.BigAutoField'.
conclave_registration.Housing: (models.W042) Auto-created primary key used when not defining a primary key type, by default 'django.db.models.AutoField'.
	HINT: Configure the DEFAULT_AUTO_FIELD setting or the ConclaveRegistrationConfig.default_auto_field attribute to point to a subclass of AutoField, e.g. 'django.db.models.BigAutoField'.
conclave_registration.InstrumentBringing: (models.W042) Auto-created primary key used when not defining a primary key type, by default 'django.db.models.AutoField'.
	HINT: Configure the DEFAULT_AUTO_FIELD setting or the ConclaveRegistrationConfig.default_auto_field attribute to point to a subclass of AutoField, e.g. 'django.db.models.BigAutoField'.
conclave_registration.PaymentInfo: (models.W042) Auto-created primary key used when not defining a primary key type, by default 'django.db.models.AutoField'.
	HINT: Configure the DEFAULT_AUTO_FIELD setting or the ConclaveRegistrationConfig.default_auto_field attribute to point to a subclass of AutoField, e.g. 'django.db.models.BigAutoField'.
conclave_registration.RegistrationEntry: (models.W042) Auto-created primary key used when not defining a primary key type, by default 'django.db.models.AutoField'.
	HINT: Configure the DEFAULT_AUTO_FIELD setting or the ConclaveRegistrationConfig.default_auto_field attribute to point to a subclass of AutoField, e.g. 'django.db.models.BigAutoField'.
conclave_registration.RegularProgramClassChoices: (models.W042) Auto-created primary key used when not defining a primary key type, by default 'django.db.models.AutoField'.
	HINT: Configure the DEFAULT_AUTO_FIELD setting or the ConclaveRegistrationConfig.default_auto_field attribute to point to a subclass of AutoField, e.g. 'django.db.models.BigAutoField'.
conclave_registration.TShirts: (models.W042) Auto-created primary key used when not defining a primary key type, by default 'django.db.models.AutoField'.
	HINT: Configure the DEFAULT_AUTO_FIELD setting or the ConclaveRegistrationConfig.default_auto_field attribute to point to a subclass of AutoField, e.g. 'django.db.models.BigAutoField'.
conclave_registration.WorkStudyApplication: (models.W042) Auto-created primary key used when not defining a primary key type, by default 'django.db.models.AutoField'.
	HINT: Configure the DEFAULT_AUTO_FIELD setting or the ConclaveRegistrationConfig.default_auto_field attribute to point to a subclass of AutoField, e.g. 'django.db.models.BigAutoField'.

System check identified 17 issues (0 silenced).
[28/Dec/2024 16:15:10] "GET /accounts/directory/ HTTP/1.1" 200 9823
[28/Dec/2024 16:15:10] "GET /static/base.css HTTP/1.1" 200 2360
[28/Dec/2024 16:15:10] "GET /static/js/utils.js?2022.1 HTTP/1.1" 200 1719
[28/Dec/2024 16:15:10] "GET /static/js/ajax_forms.js?2021.1 HTTP/1.1" 200 1884
[28/Dec/2024 16:15:10] "GET /static/fonts/Amphion/amphb.ttf HTTP/1.1" 200 42008
[28/Dec/2024 16:15:10] "GET /static/fonts/Avenir/Avenir.ttc HTTP/1.1" 200 1586556
[28/Dec/2024 16:15:10] "GET /static/favicon.ico HTTP/1.1" 200 13091
[28/Dec/2024 16:15:12] "GET /accounts/ HTTP/1.1" 302 0
[28/Dec/2024 16:15:12] "GET /accounts/1/ HTTP/1.1" 200 25513
[28/Dec/2024 16:15:14] "GET /accounts/directory/ HTTP/1.1" 200 9823
[28/Dec/2024 16:15:29] "GET /conclave/admin/ HTTP/1.1" 200 4444
[28/Dec/2024 16:15:30] "GET /accounts/directory/ HTTP/1.1" 200 9823
[28/Dec/2024 16:15:31] "GET /accounts/ HTTP/1.1" 302 0
[28/Dec/2024 16:15:31] "GET /accounts/1/ HTTP/1.1" 200 25513
[28/Dec/2024 16:15:35] "GET /accounts/ HTTP/1.1" 302 0
[28/Dec/2024 16:15:35] "GET /accounts/1/ HTTP/1.1" 200 25513
[28/Dec/2024 16:16:34] "GET /logout/ HTTP/1.1" 302 0
[28/Dec/2024 16:16:49] "GET /accounts/1/ HTTP/1.1" 302 0
[28/Dec/2024 16:16:49] "GET /login/?next=/accounts/1/ HTTP/1.1" 200 4676
[28/Dec/2024 16:16:53] "GET /conclave/ HTTP/1.1" 302 0
[28/Dec/2024 16:16:53] "GET /login/?next=/conclave/ HTTP/1.1" 200 4676
[28/Dec/2024 16:17:55] "POST /login/?next=/conclave/ HTTP/1.1" 302 0
[28/Dec/2024 16:17:55] "GET /conclave/ HTTP/1.1" 302 0
[28/Dec/2024 16:17:55] "GET /conclave/2/register/ HTTP/1.1" 302 0
Successfully imported extension module "markdown.extensions.attr_list".
Successfully loaded extension "markdown.extensions.attr_list.AttrListExtension".
[28/Dec/2024 16:17:55] "GET /conclave/register/7/instruments/ HTTP/1.1" 200 15681
[28/Dec/2024 16:18:04] "GET /accounts/ HTTP/1.1" 302 0
[28/Dec/2024 16:18:04] "GET /accounts/1/ HTTP/1.1" 200 25513
[28/Dec/2024 16:18:17] "GET /accounts/directory/ HTTP/1.1" 200 9823
[28/Dec/2024 16:18:19] "GET /conclave/admin/ HTTP/1.1" 200 4444
[28/Dec/2024 16:18:20] "GET /accounts/ HTTP/1.1" 302 0
[28/Dec/2024 16:18:20] "GET /accounts/1/ HTTP/1.1" 200 25513
